<?xml version="1.0" encoding="UTF-8"?>
<!-- Generated by org.testng.reporters.JUnitXMLReporter -->
<testsuite ignored="1" hostname="Geeta" failures="0" tests="3" name="Test" time="0.105" errors="0" timestamp="2025-04-16T18:18:42 IST">
  <testcase classname="com.practice.TestNG.Grouping" name="test1" time="0.014"/>
  <testcase classname="com.practice.TestNG.Grouping" name="test2" time="0.002"/>
  <testcase classname="com.practice.TestNG.Grouping" name="test4" time="0.003"/>
  <testcase classname="com.practice.TestNG.Grouping" name="test3" time="0.0">
    <ignored/>
  </testcase> <!-- test3 -->
</testsuite> <!-- Test -->
