<?xml version="1.0" encoding="UTF-8"?>
<!-- Generated by org.testng.reporters.JUnitXMLReporter -->
<testsuite ignored="0" hostname="Geeta" failures="0" tests="4" name="Test" time="4.386" errors="0" timestamp="2025-04-22T22:11:30 IST">
  <testcase classname="com.practice.RestAssured.HTTPRequests" name="getUsers" time="2.69"/>
  <testcase classname="com.practice.RestAssured.HTTPRequests" name="createUser" time="0.899"/>
  <testcase classname="com.practice.RestAssured.HTTPRequests" name="updateUser" time="0.366"/>
  <testcase classname="com.practice.RestAssured.HTTPRequests" name="deleteUser" time="0.372"/>
</testsuite> <!-- Test -->
