<?xml version="1.0" encoding="UTF-8"?>
<testng-results ignored="0" total="1" passed="1" failed="0" skipped="0">
  <reporter-output>
  </reporter-output>
  <suite started-at="2025-05-04T16:26:33 IST" name="Suite" finished-at="2025-05-04T16:26:43 IST" duration-ms="10065">
    <groups>
    </groups>
    <test started-at="2025-05-04T16:26:33 IST" name="Test" finished-at="2025-05-04T16:26:43 IST" duration-ms="10065">
      <class name="QA.test.TestSample">
        <test-method is-config="true" signature="startReporter()[pri:0, instance:QA.test.TestSample@3d34d211]" started-at="2025-05-04T16:26:33 IST" name="startReporter" finished-at="2025-05-04T16:26:33 IST" duration-ms="286" status="PASS">
          <reporter-output>
          </reporter-output>
        </test-method> <!-- startReporter -->
        <test-method is-config="true" signature="FileLoad(java.lang.reflect.Method)[pri:0, instance:QA.test.TestSample@3d34d211]" started-at="2025-05-04T16:26:33 IST" name="FileLoad" finished-at="2025-05-04T16:26:33 IST" duration-ms="5" status="PASS">
          <params>
            <param index="0">
              <value>
                <![CDATA[public void QA.test.TestSample.sampleMethodToForEnteringCred() throws java.lang.InterruptedException]]>
              </value>
            </param>
          </params>
          <reporter-output>
          </reporter-output>
        </test-method> <!-- FileLoad -->
        <test-method is-config="true" signature="setUpBrowser(java.lang.String,java.lang.reflect.Method)[pri:0, instance:QA.test.TestSample@3d34d211]" started-at="2025-05-04T16:26:33 IST" name="setUpBrowser" finished-at="2025-05-04T16:26:37 IST" duration-ms="3239" status="PASS">
          <params>
            <param index="0">
              <value>
                <![CDATA[chrome]]>
              </value>
            </param>
            <param index="1">
              <value>
                <![CDATA[public void QA.test.TestSample.sampleMethodToForEnteringCred() throws java.lang.InterruptedException]]>
              </value>
            </param>
          </params>
          <reporter-output>
          </reporter-output>
        </test-method> <!-- setUpBrowser -->
        <test-method signature="sampleMethodToForEnteringCred()[pri:0, instance:QA.test.TestSample@3d34d211]" started-at="2025-05-04T16:26:37 IST" name="sampleMethodToForEnteringCred" finished-at="2025-05-04T16:26:42 IST" duration-ms="5713" status="PASS">
          <reporter-output>
          </reporter-output>
        </test-method> <!-- sampleMethodToForEnteringCred -->
        <test-method is-config="true" signature="afterMethod(org.testng.ITestResult)[pri:0, instance:QA.test.TestSample@3d34d211]" started-at="2025-05-04T16:26:42 IST" name="afterMethod" finished-at="2025-05-04T16:26:43 IST" duration-ms="321" status="PASS">
          <params>
            <param index="0">
              <value>
                <![CDATA[[TestResult name=sampleMethodToForEnteringCred status=SUCCESS method=TestSample.sampleMethodToForEnteringCred()[pri:0, instance:QA.test.TestSample@3d34d211] output={null}]]]>
              </value>
            </param>
          </params>
          <reporter-output>
          </reporter-output>
        </test-method> <!-- afterMethod -->
        <test-method is-config="true" signature="afterTest()[pri:0, instance:QA.test.TestSample@3d34d211]" started-at="2025-05-04T16:26:43 IST" name="afterTest" finished-at="2025-05-04T16:26:43 IST" duration-ms="456" status="PASS">
          <reporter-output>
          </reporter-output>
        </test-method> <!-- afterTest -->
      </class> <!-- QA.test.TestSample -->
    </test> <!-- Test -->
  </suite> <!-- Suite -->
</testng-results>
