<?xml version="1.0" encoding="UTF-8"?>
<!-- Generated by org.testng.reporters.JUnitXMLReporter -->
<testsuite ignored="0" hostname="Geeta" failures="0" tests="4" name="Default test" time="4.023" errors="0" timestamp="2025-04-22T22:07:46 IST">
  <testcase classname="com.practice.RestAssured.HTTPRequests" name="getUsers" time="2.389"/>
  <testcase classname="com.practice.RestAssured.HTTPRequests" name="createUser" time="0.774"/>
  <testcase classname="com.practice.RestAssured.HTTPRequests" name="updateUser" time="0.381"/>
  <testcase classname="com.practice.RestAssured.HTTPRequests" name="deleteUser" time="0.416"/>
</testsuite> <!-- Default test -->
