<?xml version="1.0" encoding="UTF-8"?>
<testng-results ignored="0" total="4" passed="4" failed="0" skipped="0">
  <reporter-output>
  </reporter-output>
  <suite started-at="2025-04-22T22:11:26 IST" name="Suite" finished-at="2025-04-22T22:11:30 IST" duration-ms="4386">
    <groups>
    </groups>
    <test started-at="2025-04-22T22:11:26 IST" name="Test" finished-at="2025-04-22T22:11:30 IST" duration-ms="4386">
      <class name="com.practice.RestAssured.HTTPRequests">
        <test-method signature="getUsers()[pri:1, instance:com.practice.RestAssured.HTTPRequests@2a65fe7c]" started-at="2025-04-22T22:11:26 IST" name="getUsers" finished-at="2025-04-22T22:11:28 IST" duration-ms="2690" status="PASS">
          <reporter-output>
          </reporter-output>
        </test-method> <!-- getUsers -->
        <test-method signature="createUser()[pri:2, instance:com.practice.RestAssured.HTTPRequests@2a65fe7c]" started-at="2025-04-22T22:11:28 IST" name="createUser" finished-at="2025-04-22T22:11:29 IST" duration-ms="899" status="PASS">
          <reporter-output>
          </reporter-output>
        </test-method> <!-- createUser -->
        <test-method signature="updateUser()[pri:3, instance:com.practice.RestAssured.HTTPRequests@2a65fe7c]" started-at="2025-04-22T22:11:29 IST" name="updateUser" finished-at="2025-04-22T22:11:30 IST" depends-on-methods="com.practice.RestAssured.HTTPRequests.createUser" duration-ms="366" status="PASS">
          <reporter-output>
          </reporter-output>
        </test-method> <!-- updateUser -->
        <test-method signature="deleteUser()[pri:4, instance:com.practice.RestAssured.HTTPRequests@2a65fe7c]" started-at="2025-04-22T22:11:30 IST" name="deleteUser" finished-at="2025-04-22T22:11:30 IST" duration-ms="372" status="PASS">
          <reporter-output>
          </reporter-output>
        </test-method> <!-- deleteUser -->
      </class> <!-- com.practice.RestAssured.HTTPRequests -->
    </test> <!-- Test -->
  </suite> <!-- Suite -->
</testng-results>
