<?xml version="1.0" encoding="UTF-8"?>
<!-- Generated by org.testng.reporters.JUnitXMLReporter -->
<testsuite ignored="0" hostname="Geeta" failures="0" tests="4" name="Default test" time="5.081" errors="0" timestamp="2025-04-22T22:03:44 IST">
  <testcase classname="com.practice.RestAssured.HTTPRequests" name="getUsers" time="3.436"/>
  <testcase classname="com.practice.RestAssured.HTTPRequests" name="createUser" time="0.649"/>
  <testcase classname="com.practice.RestAssured.HTTPRequests" name="updateUser" time="0.495"/>
  <testcase classname="com.practice.RestAssured.HTTPRequests" name="deleteUser" time="0.429"/>
</testsuite> <!-- Default test -->
