<?xml version="1.0" encoding="UTF-8"?>
<!-- Generated by org.testng.reporters.JUnitXMLReporter -->
<testsuite ignored="0" hostname="Geeta" failures="0" tests="6" name="Parallel Test" time="21.803" errors="0" timestamp="2025-04-15T17:04:41 IST">
  <testcase classname="com.practice.TestNG.FireFoxTest" name="testTitle" time="0.052"/>
  <testcase classname="com.practice.TestNG.ChromeTest" name="testTitle" time="0.06"/>
  <testcase classname="com.practice.TestNG.FireFoxTest" name="clickOffers" time="2.463"/>
  <testcase classname="com.practice.TestNG.ChromeTest" name="clickOffers" time="2.532"/>
  <testcase classname="com.practice.TestNG.FireFoxTest" name="clickOrders" time="3.205"/>
  <testcase classname="com.practice.TestNG.ChromeTest" name="clickOrders" time="3.183"/>
</testsuite> <!-- Parallel Test -->
