<?xml version="1.0" encoding="UTF-8"?>
<!-- Generated by org.testng.reporters.JUnitXMLReporter -->
<testsuite ignored="0" hostname="Geeta" failures="0" tests="3" name="Parallel Test FireFoxTest" time="22.337" errors="0" timestamp="2025-04-17T12:53:57 IST">
  <testcase classname="com.practice.TestNG.FireFoxTest" name="testTitle" time="0.032"/>
  <testcase classname="com.practice.TestNG.FireFoxTest" name="clickOffers" time="2.825"/>
  <testcase classname="com.practice.TestNG.FireFoxTest" name="clickOrders" time="3.471"/>
</testsuite> <!-- Parallel Test FireFoxTest -->
