<?xml version="1.0" encoding="UTF-8"?>
<!-- Generated by org.testng.reporters.JUnitXMLReporter -->
<testsuite ignored="0" hostname="Geeta" failures="0" tests="3" name="Parallel Test Chrome" time="22.781" errors="0" timestamp="2025-04-17T12:53:29 IST">
  <testcase classname="com.practice.TestNG.ChromeTest" name="testTitle" time="0.049"/>
  <testcase classname="com.practice.TestNG.ChromeTest" name="clickOffers" time="2.374"/>
  <testcase classname="com.practice.TestNG.ChromeTest" name="clickOrders" time="3.344"/>
</testsuite> <!-- Parallel Test Chrome -->
