<?xml version="1.0" encoding="UTF-8"?>
<!-- Generated by org.testng.reporters.JUnitXMLReporter -->
<testsuite ignored="0" hostname="Geeta" failures="0" tests="3" name="Parallel Test EdgeTest" time="5.676" errors="0" timestamp="2025-04-17T12:53:35 IST">
  <testcase classname="com.practice.TestNG.EdgeTest" name="testTitle" time="0.003">
    <skipped/>
  </testcase> <!-- testTitle -->
  <testcase classname="com.practice.TestNG.EdgeTest" name="clickOffers" time="0.0">
    <skipped/>
  </testcase> <!-- clickOffers -->
  <testcase classname="com.practice.TestNG.EdgeTest" name="clickOrders" time="0.0">
    <skipped/>
  </testcase> <!-- clickOrders -->
</testsuite> <!-- Parallel Test EdgeTest -->
